<?xml version="1.0" encoding="UTF-8"?>
<testsuite xmlns:xsi="http://www.w3.org/2001/XMLSchema-instance" xsi:noNamespaceSchemaLocation="https://maven.apache.org/surefire/maven-surefire-plugin/xsd/surefire-test-report-3.0.xsd" version="3.0" name="org.music.sys.service.AppTest" time="0.015" tests="1" errors="0" skipped="0" failures="0">
  <properties>
    <property name="sun.desktop" value="windows"/>
    <property name="awt.toolkit" value="sun.awt.windows.WToolkit"/>
    <property name="file.encoding.pkg" value="sun.io"/>
    <property name="java.specification.version" value="1.8"/>
    <property name="sun.cpu.isalist" value="amd64"/>
    <property name="sun.jnu.encoding" value="Cp1252"/>
    <property name="java.class.path" value="C:\Users\HADES\Documents\Eclipse\music-sys\music-sys-service\target\test-classes;C:\Users\HADES\Documents\Eclipse\music-sys\music-sys-service\target\classes;C:\Users\HADES\.m2\repository\junit\junit\3.8.1\junit-3.8.1.jar;C:\Users\HADES\.m2\repository\org\eclipse\persistence\javax.persistence\2.1.0\javax.persistence-2.1.0.jar;C:\Users\HADES\.m2\repository\javax\transaction\javax.transaction-api\1.2\javax.transaction-api-1.2.jar;C:\Users\HADES\.m2\repository\org\apache\karaf\shell\org.apache.karaf.shell.core\4.2.4\org.apache.karaf.shell.core-4.2.4.jar;C:\Users\HADES\.m2\repository\org\jline\jline\3.10.0\jline-3.10.0.jar;C:\Users\HADES\.m2\repository\org\apache\karaf\jaas\org.apache.karaf.jaas.boot\4.2.4\org.apache.karaf.jaas.boot-4.2.4.jar;C:\Users\HADES\.m2\repository\org\apache\sshd\sshd-core\1.7.0\sshd-core-1.7.0.jar;C:\Users\HADES\.m2\repository\org\slf4j\slf4j-api\1.7.25\slf4j-api-1.7.25.jar;C:\Users\HADES\.m2\repository\javax\interceptor\javax.interceptor-api\1.2\javax.interceptor-api-1.2.jar;C:\Users\HADES\Documents\Eclipse\music-sys\music-sys-api\target\music-sys-api-1.0.jar;C:\Users\HADES\.m2\repository\org\osgi\org.osgi.core\6.0.0\org.osgi.core-6.0.0.jar;C:\Users\HADES\.m2\repository\org\osgi\osgi.cmpn\6.0.0\osgi.cmpn-6.0.0.jar;"/>
    <property name="java.vm.vendor" value="Oracle Corporation"/>
    <property name="sun.arch.data.model" value="64"/>
    <property name="user.variant" value=""/>
    <property name="java.vendor.url" value="http://java.oracle.com/"/>
    <property name="user.timezone" value="Asia/Bangkok"/>
    <property name="java.vm.specification.version" value="1.8"/>
    <property name="os.name" value="Windows 10"/>
    <property name="user.country" value="US"/>
    <property name="sun.java.launcher" value="SUN_STANDARD"/>
    <property name="sun.boot.library.path" value="C:\Program Files\Java\jdk1.8.0_201\jre\bin"/>
    <property name="sun.java.command" value="C:\Users\HADES\AppData\Local\Temp\surefire8809459048346955980\surefirebooter3209352112887927303.jar C:\Users\HADES\AppData\Local\Temp\surefire8809459048346955980 2019-05-21T23-41-54_544-jvmRun1 surefire2742192461244612214tmp surefire_14172445716102286877tmp"/>
    <property name="surefire.test.class.path" value="C:\Users\HADES\Documents\Eclipse\music-sys\music-sys-service\target\test-classes;C:\Users\HADES\Documents\Eclipse\music-sys\music-sys-service\target\classes;C:\Users\HADES\.m2\repository\junit\junit\3.8.1\junit-3.8.1.jar;C:\Users\HADES\.m2\repository\org\eclipse\persistence\javax.persistence\2.1.0\javax.persistence-2.1.0.jar;C:\Users\HADES\.m2\repository\javax\transaction\javax.transaction-api\1.2\javax.transaction-api-1.2.jar;C:\Users\HADES\.m2\repository\org\apache\karaf\shell\org.apache.karaf.shell.core\4.2.4\org.apache.karaf.shell.core-4.2.4.jar;C:\Users\HADES\.m2\repository\org\jline\jline\3.10.0\jline-3.10.0.jar;C:\Users\HADES\.m2\repository\org\apache\karaf\jaas\org.apache.karaf.jaas.boot\4.2.4\org.apache.karaf.jaas.boot-4.2.4.jar;C:\Users\HADES\.m2\repository\org\apache\sshd\sshd-core\1.7.0\sshd-core-1.7.0.jar;C:\Users\HADES\.m2\repository\org\slf4j\slf4j-api\1.7.25\slf4j-api-1.7.25.jar;C:\Users\HADES\.m2\repository\javax\interceptor\javax.interceptor-api\1.2\javax.interceptor-api-1.2.jar;C:\Users\HADES\Documents\Eclipse\music-sys\music-sys-api\target\music-sys-api-1.0.jar;C:\Users\HADES\.m2\repository\org\osgi\org.osgi.core\6.0.0\org.osgi.core-6.0.0.jar;C:\Users\HADES\.m2\repository\org\osgi\osgi.cmpn\6.0.0\osgi.cmpn-6.0.0.jar;"/>
    <property name="sun.cpu.endian" value="little"/>
    <property name="user.home" value="C:\Users\HADES"/>
    <property name="user.language" value="en"/>
    <property name="java.specification.vendor" value="Oracle Corporation"/>
    <property name="java.home" value="C:\Program Files\Java\jdk1.8.0_201\jre"/>
    <property name="basedir" value="C:\Users\HADES\Documents\Eclipse\music-sys\music-sys-service"/>
    <property name="file.separator" value="\"/>
    <property name="line.separator" value="&#10;"/>
    <property name="java.vm.specification.vendor" value="Oracle Corporation"/>
    <property name="java.specification.name" value="Java Platform API Specification"/>
    <property name="java.awt.graphicsenv" value="sun.awt.Win32GraphicsEnvironment"/>
    <property name="surefire.real.class.path" value="C:\Users\HADES\AppData\Local\Temp\surefire8809459048346955980\surefirebooter3209352112887927303.jar"/>
    <property name="sun.boot.class.path" value="C:\Program Files\Java\jdk1.8.0_201\jre\lib\resources.jar;C:\Program Files\Java\jdk1.8.0_201\jre\lib\rt.jar;C:\Program Files\Java\jdk1.8.0_201\jre\lib\sunrsasign.jar;C:\Program Files\Java\jdk1.8.0_201\jre\lib\jsse.jar;C:\Program Files\Java\jdk1.8.0_201\jre\lib\jce.jar;C:\Program Files\Java\jdk1.8.0_201\jre\lib\charsets.jar;C:\Program Files\Java\jdk1.8.0_201\jre\lib\jfr.jar;C:\Program Files\Java\jdk1.8.0_201\jre\classes"/>
    <property name="user.script" value=""/>
    <property name="sun.management.compiler" value="HotSpot 64-Bit Tiered Compilers"/>
    <property name="java.runtime.version" value="1.8.0_201-b09"/>
    <property name="user.name" value="HADES"/>
    <property name="path.separator" value=";"/>
    <property name="os.version" value="10.0"/>
    <property name="java.endorsed.dirs" value="C:\Program Files\Java\jdk1.8.0_201\jre\lib\endorsed"/>
    <property name="java.runtime.name" value="Java(TM) SE Runtime Environment"/>
    <property name="file.encoding" value="Cp1252"/>
    <property name="java.vm.name" value="Java HotSpot(TM) 64-Bit Server VM"/>
    <property name="localRepository" value="C:\Users\HADES\.m2\repository"/>
    <property name="java.vendor.url.bug" value="http://bugreport.sun.com/bugreport/"/>
    <property name="java.io.tmpdir" value="C:\Users\HADES\AppData\Local\Temp\"/>
    <property name="java.version" value="1.8.0_201"/>
    <property name="user.dir" value="C:\Users\HADES\Documents\Eclipse\music-sys\music-sys-service"/>
    <property name="os.arch" value="amd64"/>
    <property name="java.vm.specification.name" value="Java Virtual Machine Specification"/>
    <property name="java.awt.printerjob" value="sun.awt.windows.WPrinterJob"/>
    <property name="sun.os.patch.level" value=""/>
    <property name="java.library.path" value="C:\Program Files\Java\jdk1.8.0_201\jre\bin;C:\Windows\Sun\Java\bin;C:\Windows\system32;C:\Windows;C:\Program Files (x86)\Common Files\Oracle\Java\javapath;C:\Windows\system32;C:\Windows;C:\Windows\System32\Wbem;C:\Windows\System32\WindowsPowerShell\v1.0\;C:\Windows\System32\OpenSSH\;C:\Program Files\Java\jdk1.8.0_201;C:\Program Files\Java\jdk1.8.0_201\bin;D:\Data Application\apache-maven-3.6.1\bin;D:\Data Application\apache-karaf-4.2.4\bin;C:\Users\HADES\AppData\Local\Microsoft\WindowsApps;C:\Users\HADES\AppData\Local\Programs\Microsoft VS Code\bin;C:\Users\HADES\AppData\Local\GitHubDesktop\bin;."/>
    <property name="java.vm.info" value="mixed mode"/>
    <property name="java.vendor" value="Oracle Corporation"/>
    <property name="java.vm.version" value="25.201-b09"/>
    <property name="java.ext.dirs" value="C:\Program Files\Java\jdk1.8.0_201\jre\lib\ext;C:\Windows\Sun\Java\lib\ext"/>
    <property name="sun.io.unicode.encoding" value="UnicodeLittle"/>
    <property name="java.class.version" value="52.0"/>
  </properties>
  <testcase name="testApp" classname="org.music.sys.service.AppTest" time="0.002"/>
</testsuite>